*** Starting uWSGI 2.0.18 (64bit) on [Fri Aug 20 11:27:40 2021] ***
compiled with version: 4.2.1 Compatible Apple LLVM 10.0.0 (clang-1000.10.44.4) on 19 November 2019 22:26:55
os: Darwin-19.6.0 Darwin Kernel Version 19.6.0: Tue Jan 12 22:13:05 PST 2021; root:xnu-6153.141.16~1/RELEASE_X86_64
nodename: mrozpadek
machine: x86_64
clock source: unix
pcre jit disabled
detected number of CPU cores: 8
current working directory: /Users/mrozpadek/test/py-util-app
detected binary path: /Library/Frameworks/Python.framework/Versions/3.6/bin/uwsgi
your processes number limit is 2784
your memory page size is 4096 bytes
 *** WARNING: you have enabled harakiri without post buffering. Slow upload could be rejected on post-unbuffered webservers *** 
detected max file descriptor number: 256
lock engine: OSX spinlocks
thunder lock: disabled (you can enable it with --thunder-lock)
uwsgi socket 0 bound to TCP address 127.0.0.1:8001 fd 3
Python version: 3.6.3 (v3.6.3:2c5fed86e0, Oct  3 2017, 00:32:08)  [GCC 4.2.1 (Apple Inc. build 5666) (dot 3)]
*** Python threads support is disabled. You can enable it with --enable-threads ***
Python main interpreter initialized at 0x7f98a580aa00
your server socket listen backlog is limited to 100 connections
your mercy for graceful operations on workers is 60 seconds
mapped 437328 bytes (427 KB) for 5 cores
*** Operational MODE: preforking ***
ModuleNotFoundError: No module named 'py-utils'
unable to load app 0 (mountpoint='') (callable not found or import error)
*** no app loaded. going in full dynamic mode ***
*** uWSGI is running in multiple interpreter mode ***
spawned uWSGI master process (pid: 19069)
spawned uWSGI worker 1 (pid: 19070, cores: 1)
spawned uWSGI worker 2 (pid: 19071, cores: 1)
spawned uWSGI worker 3 (pid: 19072, cores: 1)
spawned uWSGI worker 4 (pid: 19073, cores: 1)
spawned uWSGI worker 5 (pid: 19074, cores: 1)
SIGINT/SIGQUIT received...killing workers...
worker 5 buried after 1 seconds
worker 4 buried after 1 seconds
worker 3 buried after 1 seconds
worker 2 buried after 1 seconds
worker 1 buried after 1 seconds
goodbye to uWSGI.
*** Starting uWSGI 2.0.18 (64bit) on [Fri Aug 20 11:28:04 2021] ***
compiled with version: 4.2.1 Compatible Apple LLVM 10.0.0 (clang-1000.10.44.4) on 19 November 2019 22:26:55
os: Darwin-19.6.0 Darwin Kernel Version 19.6.0: Tue Jan 12 22:13:05 PST 2021; root:xnu-6153.141.16~1/RELEASE_X86_64
nodename: mrozpadek
machine: x86_64
clock source: unix
pcre jit disabled
detected number of CPU cores: 8
current working directory: /Users/mrozpadek/test/py-util-app
detected binary path: /Library/Frameworks/Python.framework/Versions/3.6/bin/uwsgi
your processes number limit is 2784
your memory page size is 4096 bytes
 *** WARNING: you have enabled harakiri without post buffering. Slow upload could be rejected on post-unbuffered webservers *** 
detected max file descriptor number: 256
lock engine: OSX spinlocks
thunder lock: disabled (you can enable it with --thunder-lock)
uwsgi socket 0 bound to TCP address 127.0.0.1:8001 fd 3
Python version: 3.6.3 (v3.6.3:2c5fed86e0, Oct  3 2017, 00:32:08)  [GCC 4.2.1 (Apple Inc. build 5666) (dot 3)]
*** Python threads support is disabled. You can enable it with --enable-threads ***
Python main interpreter initialized at 0x7ffda9008c00
your server socket listen backlog is limited to 100 connections
your mercy for graceful operations on workers is 60 seconds
mapped 437328 bytes (427 KB) for 5 cores
*** Operational MODE: preforking ***
ModuleNotFoundError: No module named 'py-utils'
unable to load app 0 (mountpoint='') (callable not found or import error)
*** no app loaded. going in full dynamic mode ***
*** uWSGI is running in multiple interpreter mode ***
spawned uWSGI master process (pid: 19130)
spawned uWSGI worker 1 (pid: 19131, cores: 1)
spawned uWSGI worker 2 (pid: 19132, cores: 1)
spawned uWSGI worker 3 (pid: 19133, cores: 1)
spawned uWSGI worker 4 (pid: 19134, cores: 1)
spawned uWSGI worker 5 (pid: 19135, cores: 1)
*** Starting uWSGI 2.0.19.1 (64bit) on [Tue Aug 24 09:57:50 2021] ***
compiled with version: Apple LLVM 12.0.5 (clang-1205.0.22.11) on 24 August 2021 16:57:12
os: Darwin-20.3.0 Darwin Kernel Version 20.3.0: Thu Jan 21 00:07:06 PST 2021; root:xnu-7195.81.3~1/RELEASE_X86_64
nodename: balto
machine: x86_64
clock source: unix
pcre jit disabled
detected number of CPU cores: 12
current working directory: /Users/mrozpadek/workspace/py-util-app
detected binary path: /usr/local/bin/uwsgi
*** WARNING: you are running uWSGI without its master process manager ***
your processes number limit is 2784
your memory page size is 4096 bytes
detected max file descriptor number: 256
lock engine: OSX spinlocks
thunder lock: disabled (you can enable it with --thunder-lock)
The -s/--socket option is missing and stdin is not a socket.
*** Starting uWSGI 2.0.19.1 (64bit) on [Tue Aug 24 09:58:26 2021] ***
compiled with version: Apple LLVM 12.0.5 (clang-1205.0.22.11) on 24 August 2021 16:57:12
os: Darwin-20.3.0 Darwin Kernel Version 20.3.0: Thu Jan 21 00:07:06 PST 2021; root:xnu-7195.81.3~1/RELEASE_X86_64
nodename: balto
machine: x86_64
clock source: unix
pcre jit disabled
detected number of CPU cores: 12
current working directory: /Users/mrozpadek/workspace/py-util-app
detected binary path: /usr/local/bin/uwsgi
your processes number limit is 2784
your memory page size is 4096 bytes
 *** WARNING: you have enabled harakiri without post buffering. Slow upload could be rejected on post-unbuffered webservers *** 
detected max file descriptor number: 256
lock engine: OSX spinlocks
thunder lock: disabled (you can enable it with --thunder-lock)
uwsgi socket 0 bound to TCP address 127.0.0.1:8001 fd 3
Python version: 3.9.6 (default, Jun 29 2021, 05:25:02)  [Clang 12.0.5 (clang-1205.0.22.9)]
*** Python threads support is disabled. You can enable it with --enable-threads ***
Python main interpreter initialized at 0x7ff5961059a0
your server socket listen backlog is limited to 100 connections
your mercy for graceful operations on workers is 60 seconds
mapped 437376 bytes (427 KB) for 5 cores
*** Operational MODE: preforking ***
ModuleNotFoundError: No module named 'py-utils'
unable to load app 0 (mountpoint='') (callable not found or import error)
*** no app loaded. going in full dynamic mode ***
*** uWSGI is running in multiple interpreter mode ***
spawned uWSGI master process (pid: 96774)
spawned uWSGI worker 1 (pid: 96775, cores: 1)
spawned uWSGI worker 2 (pid: 96776, cores: 1)
spawned uWSGI worker 3 (pid: 96777, cores: 1)
spawned uWSGI worker 4 (pid: 96778, cores: 1)
spawned uWSGI worker 5 (pid: 96779, cores: 1)
invalid request block size: 21573 (max 4096)...skip
invalid request block size: 21573 (max 4096)...skip
invalid request block size: 21573 (max 4096)...skip
SIGINT/SIGQUIT received...killing workers...
worker 5 buried after 1 seconds
worker 4 buried after 1 seconds
worker 3 buried after 1 seconds
worker 2 buried after 1 seconds
worker 1 buried after 1 seconds
goodbye to uWSGI.
*** Starting uWSGI 2.0.19.1 (64bit) on [Tue Aug 24 09:59:37 2021] ***
compiled with version: Apple LLVM 12.0.5 (clang-1205.0.22.11) on 24 August 2021 16:57:12
os: Darwin-20.3.0 Darwin Kernel Version 20.3.0: Thu Jan 21 00:07:06 PST 2021; root:xnu-7195.81.3~1/RELEASE_X86_64
nodename: balto
machine: x86_64
clock source: unix
pcre jit disabled
detected number of CPU cores: 12
current working directory: /Users/mrozpadek/workspace/py-util-app
detected binary path: /usr/local/bin/uwsgi
your processes number limit is 2784
your memory page size is 4096 bytes
 *** WARNING: you have enabled harakiri without post buffering. Slow upload could be rejected on post-unbuffered webservers *** 
detected max file descriptor number: 256
lock engine: OSX spinlocks
thunder lock: disabled (you can enable it with --thunder-lock)
uWSGI http bound on 127.0.0.1:8001 fd 4
uwsgi socket 0 bound to TCP address 127.0.0.1:55732 (port auto-assigned) fd 3
Python version: 3.9.6 (default, Jun 29 2021, 05:25:02)  [Clang 12.0.5 (clang-1205.0.22.9)]
*** Python threads support is disabled. You can enable it with --enable-threads ***
Python main interpreter initialized at 0x7fb6a590a5f0
your server socket listen backlog is limited to 100 connections
your mercy for graceful operations on workers is 60 seconds
mapped 437376 bytes (427 KB) for 5 cores
*** Operational MODE: preforking ***
ModuleNotFoundError: No module named 'py-utils'
unable to load app 0 (mountpoint='') (callable not found or import error)
*** no app loaded. going in full dynamic mode ***
*** uWSGI is running in multiple interpreter mode ***
spawned uWSGI master process (pid: 96808)
spawned uWSGI worker 1 (pid: 96809, cores: 1)
spawned uWSGI worker 2 (pid: 96810, cores: 1)
spawned uWSGI worker 3 (pid: 96811, cores: 1)
spawned uWSGI worker 4 (pid: 96812, cores: 1)
spawned uWSGI worker 5 (pid: 96813, cores: 1)
spawned uWSGI http 1 (pid: 96814)
--- no python application found, check your startup logs for errors ---
[pid: 96812|app: -1|req: -1/1] 127.0.0.1 () {48 vars in 834 bytes} [Tue Aug 24 09:59:39 2021] GET / => generated 21 bytes in 0 msecs (HTTP/1.1 500) 2 headers in 83 bytes (1 switches on core 0)
--- no python application found, check your startup logs for errors ---
[pid: 96811|app: -1|req: -1/2] 127.0.0.1 () {48 vars in 788 bytes} [Tue Aug 24 09:59:39 2021] GET /favicon.ico => generated 21 bytes in 0 msecs (HTTP/1.1 500) 2 headers in 83 bytes (1 switches on core 0)
SIGINT/SIGQUIT received...killing workers...
gateway "uWSGI http 1" has been buried (pid: 96814)
worker 5 buried after 1 seconds
worker 4 buried after 1 seconds
worker 3 buried after 1 seconds
worker 2 buried after 1 seconds
worker 1 buried after 1 seconds
goodbye to uWSGI.
*** Starting uWSGI 2.0.19.1 (64bit) on [Tue Aug 24 14:09:00 2021] ***
compiled with version: Apple LLVM 12.0.5 (clang-1205.0.22.11) on 24 August 2021 16:57:12
os: Darwin-20.3.0 Darwin Kernel Version 20.3.0: Thu Jan 21 00:07:06 PST 2021; root:xnu-7195.81.3~1/RELEASE_X86_64
nodename: balto
machine: x86_64
clock source: unix
pcre jit disabled
detected number of CPU cores: 12
current working directory: /Users/mrozpadek/workspace/py-util-app
detected binary path: /usr/local/bin/uwsgi
your processes number limit is 2784
your memory page size is 4096 bytes
 *** WARNING: you have enabled harakiri without post buffering. Slow upload could be rejected on post-unbuffered webservers *** 
detected max file descriptor number: 256
lock engine: OSX spinlocks
thunder lock: disabled (you can enable it with --thunder-lock)
uWSGI http bound on 127.0.0.1:8001 fd 4
uwsgi socket 0 bound to TCP address 127.0.0.1:59915 (port auto-assigned) fd 3
Python version: 3.9.6 (default, Jun 29 2021, 05:25:02)  [Clang 12.0.5 (clang-1205.0.22.9)]
*** Python threads support is disabled. You can enable it with --enable-threads ***
Python main interpreter initialized at 0x7f8e3da05b70
your server socket listen backlog is limited to 100 connections
your mercy for graceful operations on workers is 60 seconds
mapped 437376 bytes (427 KB) for 5 cores
*** Operational MODE: preforking ***
Traceback (most recent call last):
  File "/Users/mrozpadek/workspace/py-util-app/./py-util.py", line 1, in <module>
    from flask import Flask, request, redirect, url_for, flash, jsonify
ModuleNotFoundError: No module named 'flask'
unable to load app 0 (mountpoint='') (callable not found or import error)
*** no app loaded. going in full dynamic mode ***
*** uWSGI is running in multiple interpreter mode ***
spawned uWSGI master process (pid: 18100)
spawned uWSGI worker 1 (pid: 18101, cores: 1)
spawned uWSGI worker 2 (pid: 18102, cores: 1)
spawned uWSGI worker 3 (pid: 18103, cores: 1)
spawned uWSGI worker 4 (pid: 18104, cores: 1)
spawned uWSGI worker 5 (pid: 18105, cores: 1)
spawned uWSGI http 1 (pid: 18106)
SIGINT/SIGQUIT received...killing workers...
gateway "uWSGI http 1" has been buried (pid: 18106)
worker 5 buried after 1 seconds
worker 4 buried after 1 seconds
worker 3 buried after 1 seconds
worker 2 buried after 1 seconds
worker 1 buried after 1 seconds
goodbye to uWSGI.
*** Starting uWSGI 2.0.19.1 (64bit) on [Tue Aug 24 14:10:07 2021] ***
compiled with version: Apple LLVM 12.0.5 (clang-1205.0.22.11) on 24 August 2021 16:57:12
os: Darwin-20.3.0 Darwin Kernel Version 20.3.0: Thu Jan 21 00:07:06 PST 2021; root:xnu-7195.81.3~1/RELEASE_X86_64
nodename: balto
machine: x86_64
clock source: unix
pcre jit disabled
detected number of CPU cores: 12
current working directory: /Users/mrozpadek/workspace/py-util-app
detected binary path: /usr/local/bin/uwsgi
your processes number limit is 2784
your memory page size is 4096 bytes
 *** WARNING: you have enabled harakiri without post buffering. Slow upload could be rejected on post-unbuffered webservers *** 
detected max file descriptor number: 256
lock engine: OSX spinlocks
thunder lock: disabled (you can enable it with --thunder-lock)
uWSGI http bound on 127.0.0.1:8001 fd 4
uwsgi socket 0 bound to TCP address 127.0.0.1:59930 (port auto-assigned) fd 3
Python version: 3.9.6 (default, Jun 29 2021, 05:25:02)  [Clang 12.0.5 (clang-1205.0.22.9)]
*** Python threads support is disabled. You can enable it with --enable-threads ***
Python main interpreter initialized at 0x7fa0b0f05e50
your server socket listen backlog is limited to 100 connections
your mercy for graceful operations on workers is 60 seconds
mapped 437376 bytes (427 KB) for 5 cores
*** Operational MODE: preforking ***
Traceback (most recent call last):
  File "/Users/mrozpadek/workspace/py-util-app/./py-util.py", line 2, in <module>
    import psutil
ModuleNotFoundError: No module named 'psutil'
unable to load app 0 (mountpoint='') (callable not found or import error)
*** no app loaded. going in full dynamic mode ***
*** uWSGI is running in multiple interpreter mode ***
spawned uWSGI master process (pid: 18124)
spawned uWSGI worker 1 (pid: 18125, cores: 1)
spawned uWSGI worker 2 (pid: 18126, cores: 1)
spawned uWSGI worker 3 (pid: 18127, cores: 1)
spawned uWSGI worker 4 (pid: 18128, cores: 1)
spawned uWSGI worker 5 (pid: 18129, cores: 1)
spawned uWSGI http 1 (pid: 18130)
SIGINT/SIGQUIT received...killing workers...
gateway "uWSGI http 1" has been buried (pid: 18130)
worker 5 buried after 1 seconds
worker 4 buried after 1 seconds
worker 3 buried after 1 seconds
worker 2 buried after 1 seconds
worker 1 buried after 1 seconds
goodbye to uWSGI.
*** Starting uWSGI 2.0.19.1 (64bit) on [Tue Aug 24 14:10:27 2021] ***
compiled with version: Apple LLVM 12.0.5 (clang-1205.0.22.11) on 24 August 2021 16:57:12
os: Darwin-20.3.0 Darwin Kernel Version 20.3.0: Thu Jan 21 00:07:06 PST 2021; root:xnu-7195.81.3~1/RELEASE_X86_64
nodename: balto
machine: x86_64
clock source: unix
pcre jit disabled
detected number of CPU cores: 12
current working directory: /Users/mrozpadek/workspace/py-util-app
detected binary path: /usr/local/bin/uwsgi
your processes number limit is 2784
your memory page size is 4096 bytes
 *** WARNING: you have enabled harakiri without post buffering. Slow upload could be rejected on post-unbuffered webservers *** 
detected max file descriptor number: 256
lock engine: OSX spinlocks
thunder lock: disabled (you can enable it with --thunder-lock)
uWSGI http bound on 127.0.0.1:8001 fd 4
uwsgi socket 0 bound to TCP address 127.0.0.1:59935 (port auto-assigned) fd 3
Python version: 3.9.6 (default, Jun 29 2021, 05:25:02)  [Clang 12.0.5 (clang-1205.0.22.9)]
*** Python threads support is disabled. You can enable it with --enable-threads ***
Python main interpreter initialized at 0x7fa5b4407cd0
your server socket listen backlog is limited to 100 connections
your mercy for graceful operations on workers is 60 seconds
mapped 437376 bytes (427 KB) for 5 cores
*** Operational MODE: preforking ***
WSGI app 0 (mountpoint='') ready in 1 seconds on interpreter 0x7fa5b4407cd0 pid: 18135 (default app)
*** uWSGI is running in multiple interpreter mode ***
spawned uWSGI master process (pid: 18135)
spawned uWSGI worker 1 (pid: 18136, cores: 1)
spawned uWSGI worker 2 (pid: 18137, cores: 1)
spawned uWSGI worker 3 (pid: 18138, cores: 1)
spawned uWSGI worker 4 (pid: 18139, cores: 1)
spawned uWSGI worker 5 (pid: 18140, cores: 1)
spawned uWSGI http 1 (pid: 18141)
[pid: 18140|app: 0|req: 1/1] 127.0.0.1 () {46 vars in 802 bytes} [Tue Aug 24 14:10:36 2021] GET / => generated 1198 bytes in 6 msecs (HTTP/1.1 200) 2 headers in 73 bytes (2 switches on core 0)
[pid: 18140|app: 0|req: 2/2] 127.0.0.1 () {44 vars in 735 bytes} [Tue Aug 24 14:10:36 2021] GET /favicon.ico => generated 232 bytes in 1 msecs (HTTP/1.1 404) 2 headers in 87 bytes (2 switches on core 0)
SIGINT/SIGQUIT received...killing workers...
gateway "uWSGI http 1" has been buried (pid: 18141)
worker 5 buried after 0 seconds
worker 4 buried after 0 seconds
worker 3 buried after 0 seconds
worker 2 buried after 0 seconds
worker 1 buried after 0 seconds
goodbye to uWSGI.
*** Starting uWSGI 2.0.19.1 (64bit) on [Wed Aug 25 14:50:04 2021] ***
compiled with version: Apple LLVM 12.0.5 (clang-1205.0.22.11) on 24 August 2021 16:57:12
os: Darwin-20.3.0 Darwin Kernel Version 20.3.0: Thu Jan 21 00:07:06 PST 2021; root:xnu-7195.81.3~1/RELEASE_X86_64
nodename: balto
machine: x86_64
clock source: unix
pcre jit disabled
detected number of CPU cores: 12
current working directory: /Users/mrozpadek/workspace/py-util-app
detected binary path: /usr/local/bin/uwsgi
your processes number limit is 2784
your memory page size is 4096 bytes
 *** WARNING: you have enabled harakiri without post buffering. Slow upload could be rejected on post-unbuffered webservers *** 
detected max file descriptor number: 256
lock engine: OSX spinlocks
thunder lock: disabled (you can enable it with --thunder-lock)
uWSGI http bound on 127.0.0.1:8001 fd 4
uwsgi socket 0 bound to TCP address 127.0.0.1:57457 (port auto-assigned) fd 3
Python version: 3.9.6 (default, Jun 29 2021, 05:25:02)  [Clang 12.0.5 (clang-1205.0.22.9)]
*** Python threads support is disabled. You can enable it with --enable-threads ***
Python main interpreter initialized at 0x7ff1de905d50
your server socket listen backlog is limited to 100 connections
your mercy for graceful operations on workers is 60 seconds
mapped 437376 bytes (427 KB) for 5 cores
*** Operational MODE: preforking ***
WSGI app 0 (mountpoint='') ready in 0 seconds on interpreter 0x7ff1de905d50 pid: 68340 (default app)
*** uWSGI is running in multiple interpreter mode ***
spawned uWSGI master process (pid: 68340)
spawned uWSGI worker 1 (pid: 68341, cores: 1)
spawned uWSGI worker 2 (pid: 68342, cores: 1)
spawned uWSGI worker 3 (pid: 68343, cores: 1)
spawned uWSGI worker 4 (pid: 68344, cores: 1)
spawned uWSGI worker 5 (pid: 68345, cores: 1)
spawned uWSGI http 1 (pid: 68346)
[pid: 68345|app: 0|req: 1/1] 127.0.0.1 () {46 vars in 803 bytes} [Wed Aug 25 14:50:16 2021] GET / => generated 1198 bytes in 6 msecs (HTTP/1.1 200) 2 headers in 73 bytes (2 switches on core 0)
SIGINT/SIGQUIT received...killing workers...
gateway "uWSGI http 1" has been buried (pid: 68346)
worker 5 buried after 1 seconds
worker 4 buried after 1 seconds
worker 3 buried after 1 seconds
worker 2 buried after 1 seconds
worker 1 buried after 1 seconds
goodbye to uWSGI.
*** Starting uWSGI 2.0.19.1 (64bit) on [Wed Aug 25 15:01:55 2021] ***
compiled with version: Apple LLVM 12.0.5 (clang-1205.0.22.11) on 24 August 2021 16:57:12
os: Darwin-20.3.0 Darwin Kernel Version 20.3.0: Thu Jan 21 00:07:06 PST 2021; root:xnu-7195.81.3~1/RELEASE_X86_64
nodename: balto
machine: x86_64
clock source: unix
pcre jit disabled
detected number of CPU cores: 12
current working directory: /Users/mrozpadek/workspace/py-util-app
detected binary path: /usr/local/bin/uwsgi
your processes number limit is 2784
your memory page size is 4096 bytes
 *** WARNING: you have enabled harakiri without post buffering. Slow upload could be rejected on post-unbuffered webservers *** 
detected max file descriptor number: 256
lock engine: OSX spinlocks
thunder lock: disabled (you can enable it with --thunder-lock)
uWSGI http bound on 127.0.0.1:8001 fd 3
unable to find user nginx
*** Starting uWSGI 2.0.19.1 (64bit) on [Wed Aug 25 15:02:30 2021] ***
compiled with version: Apple LLVM 12.0.5 (clang-1205.0.22.11) on 24 August 2021 16:57:12
os: Darwin-20.3.0 Darwin Kernel Version 20.3.0: Thu Jan 21 00:07:06 PST 2021; root:xnu-7195.81.3~1/RELEASE_X86_64
nodename: balto
machine: x86_64
clock source: unix
pcre jit disabled
detected number of CPU cores: 12
current working directory: /Users/mrozpadek/workspace/py-util-app
detected binary path: /usr/local/bin/uwsgi
your processes number limit is 2784
your memory page size is 4096 bytes
 *** WARNING: you have enabled harakiri without post buffering. Slow upload could be rejected on post-unbuffered webservers *** 
detected max file descriptor number: 256
lock engine: OSX spinlocks
thunder lock: disabled (you can enable it with --thunder-lock)
uWSGI http bound on 127.0.0.1:8001 fd 3
unable to find user nginx
*** Starting uWSGI 2.0.19.1 (64bit) on [Wed Aug 25 15:02:50 2021] ***
compiled with version: Apple LLVM 12.0.5 (clang-1205.0.22.11) on 24 August 2021 16:57:12
os: Darwin-20.3.0 Darwin Kernel Version 20.3.0: Thu Jan 21 00:07:06 PST 2021; root:xnu-7195.81.3~1/RELEASE_X86_64
nodename: balto
machine: x86_64
clock source: unix
pcre jit disabled
detected number of CPU cores: 12
current working directory: /Users/mrozpadek/workspace/py-util-app
detected binary path: /usr/local/bin/uwsgi
your processes number limit is 2784
your memory page size is 4096 bytes
 *** WARNING: you have enabled harakiri without post buffering. Slow upload could be rejected on post-unbuffered webservers *** 
detected max file descriptor number: 256
lock engine: OSX spinlocks
thunder lock: disabled (you can enable it with --thunder-lock)
uWSGI http bound on 127.0.0.1:8001 fd 4
uwsgi socket 0 bound to TCP address 127.0.0.1:57639 (port auto-assigned) fd 3
Python version: 3.9.6 (default, Jun 29 2021, 05:25:02)  [Clang 12.0.5 (clang-1205.0.22.9)]
*** Python threads support is disabled. You can enable it with --enable-threads ***
Python main interpreter initialized at 0x7ffd9450a030
your server socket listen backlog is limited to 100 connections
your mercy for graceful operations on workers is 60 seconds
mapped 437376 bytes (427 KB) for 5 cores
*** Operational MODE: preforking ***
WSGI app 0 (mountpoint='') ready in 0 seconds on interpreter 0x7ffd9450a030 pid: 68604 (default app)
*** uWSGI is running in multiple interpreter mode ***
spawned uWSGI master process (pid: 68604)
spawned uWSGI worker 1 (pid: 68605, cores: 1)
spawned uWSGI worker 2 (pid: 68606, cores: 1)
spawned uWSGI worker 3 (pid: 68607, cores: 1)
spawned uWSGI worker 4 (pid: 68608, cores: 1)
spawned uWSGI worker 5 (pid: 68609, cores: 1)
spawned uWSGI http 1 (pid: 68610)
[pid: 68607|app: 0|req: 1/1] 127.0.0.1 () {48 vars in 834 bytes} [Wed Aug 25 15:02:56 2021] GET / => generated 1198 bytes in 5 msecs (HTTP/1.1 200) 2 headers in 73 bytes (2 switches on core 0)
SIGINT/SIGQUIT received...killing workers...
gateway "uWSGI http 1" has been buried (pid: 68610)
worker 5 buried after 1 seconds
worker 4 buried after 1 seconds
worker 3 buried after 1 seconds
worker 2 buried after 1 seconds
worker 1 buried after 1 seconds
goodbye to uWSGI.
